Performing C SOURCE FILE Test CMAKE_HAVE_LIBC_PTHREAD failed with the following output:
Change Dir: /home/nick/Desktop/МГТУ/Технопарк/Программирование на C и CPP/twitter-backend/mybuild/CMakeFiles/CMakeTmp

Run Build Command(s):/usr/bin/make cmTC_b652f/fast && /usr/bin/make -f CMakeFiles/cmTC_b652f.dir/build.make CMakeFiles/cmTC_b652f.dir/build
make[1]: вход в каталог «/home/nick/Desktop/МГТУ/Технопарк/Программирование на C и CPP/twitter-backend/mybuild/CMakeFiles/CMakeTmp»
Building C object CMakeFiles/cmTC_b652f.dir/src.c.o
/usr/bin/cc   -g -O0 -Wall -W -fprofile-arcs -ftest-coverage -DCMAKE_HAVE_LIBC_PTHREAD   -o CMakeFiles/cmTC_b652f.dir/src.c.o   -c "/home/nick/Desktop/МГТУ/Технопарк/Программирование на C и CPP/twitter-backend/mybuild/CMakeFiles/CMakeTmp/src.c"
Linking C executable cmTC_b652f
/usr/bin/cmake -E cmake_link_script CMakeFiles/cmTC_b652f.dir/link.txt --verbose=1
/usr/bin/cc -g -O0 -Wall -W -fprofile-arcs -ftest-coverage -DCMAKE_HAVE_LIBC_PTHREAD  -fprofile-arcs -ftest-coverage  CMakeFiles/cmTC_b652f.dir/src.c.o  -o cmTC_b652f 
/usr/bin/ld: CMakeFiles/cmTC_b652f.dir/src.c.o: в функции «main»:
/home/nick/Desktop/МГТУ/Технопарк/Программирование на C и CPP/twitter-backend/mybuild/CMakeFiles/CMakeTmp/src.c:11: неопределённая ссылка на «pthread_create»
/usr/bin/ld: /home/nick/Desktop/МГТУ/Технопарк/Программирование на C и CPP/twitter-backend/mybuild/CMakeFiles/CMakeTmp/src.c:12: неопределённая ссылка на «pthread_detach»
/usr/bin/ld: /home/nick/Desktop/МГТУ/Технопарк/Программирование на C и CPP/twitter-backend/mybuild/CMakeFiles/CMakeTmp/src.c:13: неопределённая ссылка на «pthread_join»
collect2: error: ld returned 1 exit status
make[1]: *** [CMakeFiles/cmTC_b652f.dir/build.make:87: cmTC_b652f] Ошибка 1
make[1]: выход из каталога «/home/nick/Desktop/МГТУ/Технопарк/Программирование на C и CPP/twitter-backend/mybuild/CMakeFiles/CMakeTmp»
make: *** [Makefile:121: cmTC_b652f/fast] Ошибка 2


Source file was:
#include <pthread.h>

void* test_func(void* data)
{
  return data;
}

int main(void)
{
  pthread_t thread;
  pthread_create(&thread, NULL, test_func, NULL);
  pthread_detach(thread);
  pthread_join(thread, NULL);
  pthread_atfork(NULL, NULL, NULL);
  pthread_exit(NULL);

  return 0;
}

Determining if the function pthread_create exists in the pthreads failed with the following output:
Change Dir: /home/nick/Desktop/МГТУ/Технопарк/Программирование на C и CPP/twitter-backend/mybuild/CMakeFiles/CMakeTmp

Run Build Command(s):/usr/bin/make cmTC_72691/fast && /usr/bin/make -f CMakeFiles/cmTC_72691.dir/build.make CMakeFiles/cmTC_72691.dir/build
make[1]: вход в каталог «/home/nick/Desktop/МГТУ/Технопарк/Программирование на C и CPP/twitter-backend/mybuild/CMakeFiles/CMakeTmp»
Building C object CMakeFiles/cmTC_72691.dir/CheckFunctionExists.c.o
/usr/bin/cc   -g -O0 -Wall -W -fprofile-arcs -ftest-coverage -DCHECK_FUNCTION_EXISTS=pthread_create   -o CMakeFiles/cmTC_72691.dir/CheckFunctionExists.c.o   -c /usr/share/cmake-3.16/Modules/CheckFunctionExists.c
Linking C executable cmTC_72691
/usr/bin/cmake -E cmake_link_script CMakeFiles/cmTC_72691.dir/link.txt --verbose=1
/usr/bin/cc -g -O0 -Wall -W -fprofile-arcs -ftest-coverage -DCHECK_FUNCTION_EXISTS=pthread_create  -fprofile-arcs -ftest-coverage  CMakeFiles/cmTC_72691.dir/CheckFunctionExists.c.o  -o cmTC_72691  -lpthreads 
/usr/bin/ld: невозможно найти -lpthreads
collect2: error: ld returned 1 exit status
make[1]: *** [CMakeFiles/cmTC_72691.dir/build.make:87: cmTC_72691] Ошибка 1
make[1]: выход из каталога «/home/nick/Desktop/МГТУ/Технопарк/Программирование на C и CPP/twitter-backend/mybuild/CMakeFiles/CMakeTmp»
make: *** [Makefile:121: cmTC_72691/fast] Ошибка 2



